<?xml version="1.0" encoding="UTF-8"?>
<!-- Generated by org.testng.reporters.JUnitReportReporter -->
<testsuite hostname="LAPTOP-7RS9FQA9" failures="0" tests="4" name="com.page.LoginTest" time="2.272" errors="0" timestamp="18 Dec 2021 16:02:11 GMT" skipped="0">
  <testcase classname="com.page.LoginTest" name="loginWithInValid" time="0.564"/>
  <testcase classname="com.page.LoginTest" name="ValidateCourse" time="0.091"/>
  <testcase classname="com.page.LoginTest" name="ValidateHeading" time="0.074"/>
  <testcase classname="com.page.LoginTest" name="loginValid" time="1.543"/>
</testsuite> <!-- com.page.LoginTest -->
