<?xml version="1.0" encoding="UTF-8"?>
<!-- Generated by org.testng.reporters.JUnitReportReporter -->
<testsuite hostname="LAPTOP-7RS9FQA9" failures="0" tests="1" name="com.pageTest.DashboardTest" time="7.064" errors="0" timestamp="22 Dec 2021 06:18:39 GMT" skipped="0">
  <testcase classname="com.pageTest.DashboardTest" name="validCourse" time="7.064"/>
</testsuite> <!-- com.pageTest.DashboardTest -->
