<?xml version="1.0" encoding="UTF-8"?>
<!-- Generated by org.testng.reporters.JUnitReportReporter -->
<testsuite hostname="LAPTOP-7RS9FQA9" failures="0" tests="3" name="com.pageTest.LoginTest" time="9.690" errors="0" timestamp="22 Dec 2021 08:10:10 GMT" skipped="0">
  <testcase classname="com.pageTest.LoginTest" name="validateCourse" time="2.814"/>
  <testcase classname="com.pageTest.LoginTest" name="validateHeading" time="2.684"/>
  <testcase classname="com.pageTest.LoginTest" name="loginValid" time="4.192"/>
</testsuite> <!-- com.pageTest.LoginTest -->
